[LOG] System::create                           : Header version = 2.00.03. Current version = 2.00.03.
[LOG] Manager::init                            : maxchannels = 256 studioflags = 00000006 flags 00000000 extradriverdata 0000000000000000.
[LOG] SystemI::init                            : Initialize version=20003 (103912), maxchannels=256, flags=0x00020000
[LOG] SystemI::setOutputInternal               : Setting output to 'FMOD WASAPI Output'
[LOG] OutputWASAPI::init                       : Mix Format (WAVEFORMATEX): wFormatTag=0xFFFE, nChannels=2, nSamplesPerSec=48000, nAvgBytesPerSec=384000, nBlockAlign=8, wBitsPerSample=32, cbSize=22.
[LOG] OutputWASAPI::init                       : Mix Format (WAVEFORMATEXTENSIBLE): wValidBitsPerSample=32, dwChannelMask=0x00000003, SubFormat=00000003-0000-0010-8000-00AA00389B71.
[LOG] OutputWASAPI::init                       : Output buffer size: 4096 samples, latency: 0.00ms, period: 10.00ms, DSP buffer: 1024 * 4
[LOG] Thread::initThread                       : Init FMOD stream thread. Priority: 2, Stack Size: 98304, Semaphore: No, Sleep Time: 10, Looping: Yes.
[LOG] Thread::initThread                       : Init FMOD mixer thread. Priority: 3, Stack Size: 81920, Semaphore: No, Sleep Time: 0, Looping: Yes.
[LOG] AsyncManager::init                       : manager 00000204DCBC5E88 isAsync 0 updatePeriod 0.02
[LOG] AsyncManager::init                       : done
[LOG] PlaybackSystem::init                     : 
[LOG] Thread::initThread                       : Init FMOD Studio sample load thread. Priority: 0, Stack Size: 98304, Semaphore: No, Sleep Time: 1, Looping: No.
[LOG] PlaybackSystem::init                     : done
[LOG] Thread::initThread                       : Init FMOD Studio bank load thread. Priority: 0, Stack Size: 98304, Semaphore: No, Sleep Time: 1, Looping: No.
[LOG] Manager::init                            : done.
[LOG] SystemI::createSound                     : filename = C:\Users\yoon.so\Desktop\Big-Game\Sounds\music\Build\Desktop/Master.bank : mode 02010082
[LOG] SystemI::createSound                     : FMOD_NONBLOCKING specified.  Putting into queue to be opened asynchronously!
[LOG] Thread::initThread                       : Init FMOD nonblocking thread (0). Priority: 1, Stack Size: 114688, Semaphore: Yes, Sleep Time: 0, Looping: Yes.
[LOG] SystemI::createSound                     : setdata soundi = 00000204EC481298 : node = 00000204CCAE4890
[LOG] SystemI::createSound                     : add node to async list : head = 00000204D0D091D8.  list count = 0
[LOG] AsyncThread::threadFunc                  : Starting Asynchronous operation on sound 00000204EC481298
[LOG] SystemI::createSoundInternal             :     Create name='C:\Users\yoon.so\Desktop\Big-Game\Sounds\music\Build\Desktop/Master.bank', mode=0x02010082
[LOG] SystemI::createSoundInternal             :     exinfo->cbsize             = 224
[LOG] SystemI::createSoundInternal             :     exinfo->length             = 1474528
[LOG] SystemI::createSoundInternal             :     exinfo->fileoffset         = 11424
[LOG] SystemI::createSoundInternal             :     exinfo->numsubsounds       = 1
[LOG] SystemI::createSoundInternal             :     exinfo->inclusionlist      = 00000204CCAE49A0
[LOG] SystemI::createSound                     :     filename = C:\Users\yoon.so\Desktop\Big-Game\Sounds\music\Build\Desktop/Master.bank : mode 02010082
[LOG] SystemI::createSoundInternal             :     exinfo->inclusionlistnum   = 1
[LOG] SystemI::createSound                     :     FMOD_NONBLOCKING specified.  Putting into queue to be opened asynchronously!
[LOG] SystemI::createSoundInternal             :     exinfo->suggestedsoundtype = 5
[LOG] SystemI::createSound                     :     setdata soundi = 00000204EC481CB8 : node = 00000204CCAE5DD0
[LOG] SystemI::createSoundInternal             :     exinfo->initialseekpostype = 1
[LOG] SystemI::createSound                     :     add node to async list : head = 00000204D0D091D8.  list count = 0
[LOG] SystemI::createSound                     :     filename = C:\Users\yoon.so\Desktop\Big-Game\Sounds\music\Build\Desktop/Master.bank : mode 02010082
[LOG] SystemI::createSound                     :     FMOD_NONBLOCKING specified.  Putting into queue to be opened asynchronously!
[LOG] SystemI::createSound                     :     setdata soundi = 00000204EC4826D8 : node = 00000204ECA08970
[LOG] SystemI::createSound                     :     add node to async list : head = 00000204D0D091D8.  list count = 1
[LOG] SystemI::createSound                     :     filename = C:\Users\yoon.so\Desktop\Big-Game\Sounds\music\Build\Desktop/Master.bank : mode 02010082
[LOG] SystemI::createSound                     :     FMOD_NONBLOCKING specified.  Putting into queue to be opened asynchronously!
[LOG] SystemI::createSound                     :     setdata soundi = 00000204EC4815F8 : node = 00000204ECA090F0
[LOG] SystemI::createSound                     :     add node to async list : head = 00000204D0D091D8.  list count = 2
[LOG] SystemI::createSoundInternal             :     Stream 0/1: name='buzz', format=2, channels=2, frequency=48000, lengthbytes=247712, lengthpcm=640667, pcmblocksize=0, loopstart=0, loopend=0, mode=0x00000000, channelmask=0x00000000, channelorder=0, peakvolume=0.222992.
[LOG] Thread::initThread                       :     Init FMOD file thread. Priority: 1, Stack Size: 49152, Semaphore: No, Sleep Time: 10, Looping: Yes.
[LOG] AsyncThread::threadFunc                  : Finished Asynchronous operation on sound 00000204EC481298
[LOG] AsyncThread::threadFunc                  : Starting Asynchronous operation on sound 00000204EC481CB8
[LOG] SystemI::createSoundInternal             :     Create name='C:\Users\yoon.so\Desktop\Big-Game\Sounds\music\Build\Desktop/Master.bank', mode=0x02010082
[LOG] SystemI::createSoundInternal             :     exinfo->cbsize             = 224
[LOG] SystemI::createSoundInternal             :     exinfo->length             = 1474528
[LOG] SystemI::createSoundInternal             :     exinfo->fileoffset         = 11424
[LOG] SystemI::createSoundInternal             :     exinfo->numsubsounds       = 1
[LOG] SystemI::createSoundInternal             :     exinfo->inclusionlist      = 00000204CCAE5EE0
[LOG] SystemI::createSoundInternal             :     exinfo->inclusionlistnum   = 1
[LOG] SystemI::createSoundInternal             :     exinfo->suggestedsoundtype = 5
[LOG] SystemI::createSoundInternal             :     exinfo->initialseekpostype = 1
[LOG] SystemI::createSoundInternal             :     Stream 0/1: name='lowlead', format=2, channels=2, frequency=48000, lengthbytes=316096, lengthpcm=640667, pcmblocksize=0, loopstart=0, loopend=0, mode=0x00000000, channelmask=0x00000000, channelorder=0, peakvolume=0.976166.
[LOG] AsyncThread::threadFunc                  : Finished Asynchronous operation on sound 00000204EC481CB8
[LOG] AsyncThread::threadFunc                  : Starting Asynchronous operation on sound 00000204EC4826D8
[LOG] SystemI::createSoundInternal             :     Create name='C:\Users\yoon.so\Desktop\Big-Game\Sounds\music\Build\Desktop/Master.bank', mode=0x02010082
[LOG] SystemI::createSoundInternal             :     exinfo->cbsize             = 224
[LOG] SystemI::createSoundInternal             :     exinfo->length             = 1474528
[LOG] SystemI::createSoundInternal             :     exinfo->fileoffset         = 11424
[LOG] SystemI::createSoundInternal             :     exinfo->numsubsounds       = 1
[LOG] SystemI::createSoundInternal             :     exinfo->inclusionlist      = 00000204ECA08A80
[LOG] SystemI::createSoundInternal             :     exinfo->inclusionlistnum   = 1
[LOG] SystemI::createSoundInternal             :     exinfo->suggestedsoundtype = 5
[LOG] SystemI::createSoundInternal             :     exinfo->initialseekpostype = 1
[LOG] SystemI::createSoundInternal             :     Stream 0/1: name='bass', format=2, channels=2, frequency=48000, lengthbytes=102016, lengthpcm=640667, pcmblocksize=0, loopstart=0, loopend=0, mode=0x00000000, channelmask=0x00000000, channelorder=0, peakvolume=0.468384.
[LOG] AsyncThread::threadFunc                  : Finished Asynchronous operation on sound 00000204EC4826D8
[LOG] AsyncThread::threadFunc                  : Starting Asynchronous operation on sound 00000204EC4815F8
[LOG] SystemI::createSoundInternal             :     Create name='C:\Users\yoon.so\Desktop\Big-Game\Sounds\music\Build\Desktop/Master.bank', mode=0x02010082
[LOG] SystemI::createSoundInternal             :     exinfo->cbsize             = 224
[LOG] SystemI::createSoundInternal             :     exinfo->length             = 1474528
[LOG] SystemI::createSoundInternal             :     exinfo->fileoffset         = 11424
[LOG] SystemI::createSoundInternal             :     exinfo->numsubsounds       = 1
[LOG] SystemI::createSoundInternal             :     exinfo->inclusionlist      = 00000204ECA09200
[LOG] SystemI::createSoundInternal             :     exinfo->inclusionlistnum   = 1
[LOG] SystemI::createSoundInternal             :     exinfo->suggestedsoundtype = 5
[LOG] SystemI::createSoundInternal             :     exinfo->initialseekpostype = 1
[LOG] SystemI::createSoundInternal             :     Stream 0/1: name='bass2', format=2, channels=2, frequency=48000, lengthbytes=82688, lengthpcm=640667, pcmblocksize=0, loopstart=0, loopend=0, mode=0x00000000, channelmask=0x00000000, channelorder=0, peakvolume=0.455261.
[LOG] AsyncThread::threadFunc                  : Finished Asynchronous operation on sound 00000204EC4815F8
[LOG] SoundI::getSubSound                      : sound 00000204EC481298.  Subsound index 0 / 1
[LOG] SoundI::getSubSound                      : sound 00000204EC481CB8.  Subsound index 0 / 1
[LOG] SoundI::getSubSound                      : sound 00000204EC4826D8.  Subsound index 0 / 1
[LOG] SoundI::getSubSound                      : sound 00000204EC4815F8.  Subsound index 0 / 1
[LOG] SoundI::release                          : bass2 (00000204EC4815F8)
[LOG] SoundI::release                          :     bass2 (0000020529B66238)
[LOG] SoundI::release                          :     bass2 (00000204EC4810E8)
[LOG] SoundI::release                          : bass (00000204EC4826D8)
[LOG] SoundI::release                          :     bass (0000020529B66098)
[LOG] SoundI::release                          :     bass (00000204EC482A38)
[LOG] SoundI::release                          : lowlead (00000204EC481CB8)
[LOG] SoundI::release                          :     lowlead (0000020529B66578)
[LOG] SoundI::release                          :     lowlead (00000204EC481E68)
[LOG] SoundI::release                          : buzz (00000204EC481298)
[LOG] SoundI::release                          :     buzz (0000020529B663D8)
[LOG] SoundI::release                          :     buzz (00000204EC4817A8)
[LOG] Thread::callback                         : FMOD Studio update thread finished.
[LOG] Thread::callback                         : FMOD Studio bank load thread finished.
[LOG] Profile::disconnectAll                   : Profiler disconnecting all clients
[LOG] Thread::callback                         : FMOD Studio sample load thread finished.
[LOG] LiveUpdate::release                      : 
[LOG] LiveUpdate::reset                        : Reset connection (reason Disconnected)
[LOG] Thread::callback                         : FMOD stream thread finished.
[LOG] Thread::callback                         : FMOD mixer thread finished.
[LOG] Profile::disconnectAll                   : Profiler disconnecting all clients
[LOG] SystemI::close                           : Closed.
[LOG] Thread::callback                         : FMOD Studio bank load thread finished.
[LOG] Thread::callback                         : FMOD Studio sample load thread finished.
[LOG] LiveUpdate::release                      : 
[LOG] LiveUpdate::reset                        : Reset connection (reason Disconnected)
[LOG] Thread::callback                         : FMOD stream thread finished.
[LOG] Thread::callback                         : FMOD mixer thread finished.
[LOG] Thread::callback                         : FMOD nonblocking thread (0) finished.
[LOG] Thread::callback                         : FMOD file thread finished.
[LOG] SystemI::close                           : Closed.
